<?xml version="1.0" encoding="UTF-8"?>
<testng-results ignored="0" total="1" passed="1" failed="0" skipped="0">
  <reporter-output>
  </reporter-output>
  <suite started-at="2022-01-13T21:02:32 EST" name="Functional" finished-at="2022-01-13T21:04:53 EST" duration-ms="141165">
    <groups>
    </groups>
    <test started-at="2022-01-13T21:02:32 EST" name="Regression" finished-at="2022-01-13T21:04:53 EST" duration-ms="141165">
      <class name="TestCases.FlightBookingTestCase">
        <test-method is-config="true" signature="beforeMethod(java.lang.String,java.lang.String)[pri:0, instance:TestCases.FlightBookingTestCase@3d1cfad4]" started-at="2022-01-13T21:02:32 EST" name="beforeMethod" finished-at="2022-01-13T21:02:41 EST" duration-ms="8480" status="PASS">
          <params>
            <param index="0">
              <value>
                <![CDATA[Chrome]]>
              </value>
            </param>
            <param index="1">
              <value>
                <![CDATA[https://www.expedia.com/]]>
              </value>
            </param>
          </params>
          <reporter-output>
          </reporter-output>
        </test-method> <!-- beforeMethod -->
        <test-method signature="flightBookingTC()[pri:0, instance:TestCases.FlightBookingTestCase@3d1cfad4]" started-at="2022-01-13T21:02:41 EST" name="flightBookingTC" finished-at="2022-01-13T21:04:53 EST" duration-ms="132657" status="PASS">
          <reporter-output>
          </reporter-output>
        </test-method> <!-- flightBookingTC -->
        <test-method is-config="true" signature="afterMethod()[pri:0, instance:TestCases.FlightBookingTestCase@3d1cfad4]" started-at="2022-01-13T21:04:53 EST" name="afterMethod" finished-at="2022-01-13T21:04:53 EST" duration-ms="0" status="PASS">
          <reporter-output>
          </reporter-output>
        </test-method> <!-- afterMethod -->
      </class> <!-- TestCases.FlightBookingTestCase -->
    </test> <!-- Regression -->
  </suite> <!-- Functional -->
</testng-results>
